
> maskom-network@0.0.1 build
> astro build

[2m06:00:49[22m [34m[content][39m Syncing content
[2m06:00:49[22m [34m[content][39m Synced content
[2m06:00:49[22m [34m[types][39m Generated [2m43ms[22m
[2m06:00:49[22m [34m[build][39m output: [34m"static"[39m
[2m06:00:49[22m [34m[build][39m mode: [34m"static"[39m
[2m06:00:49[22m [34m[build][39m directory: [34m/github/workspace/dist/[39m
[2m06:00:49[22m [34m[build][39m Collecting build info...
[2m06:00:49[22m [34m[build][39m [32m✓ Completed in 96ms.[39m
[2m06:00:49[22m [34m[build][39m Building static entrypoints...
[33m[1m06:00:50[22m [WARN] [vite][39m [33m"isRemoteAllowed", "matchHostname", "matchPathname", "matchPort" and "matchProtocol" are imported from external module "@astrojs/internal-helpers/remote" but never used in "node_modules/astro/dist/assets/utils/remotePattern.js".[39m
[2m06:00:50[22m [34m[vite][39m [32m✓ built in 1.30s[39m
[2m06:00:50[22m [34m[build][39m [32m✓ Completed in 1.33s.[39m

[42m[30m building client (vite) [39m[49m
[2m06:00:50[22m [34m[vite][39m transforming...
[2m06:00:50[22m [34m[vite][39m [32m✓[39m 14 modules transformed.
[2m06:00:50[22m [34m[vite][39m rendering chunks...
[2m06:00:50[22m [34m[vite][39m computing gzip size...
[2m06:00:50[22m [34m[vite][39m [2mdist/[22m[2m_astro/[22m[36mClientRouter.astro_astro_type_script_index_0_lang.elfUsALL.js  [39m[1m[2m15.30 kB[22m[1m[22m[2m │ gzip: 5.25 kB[22m
[2m06:00:50[22m [34m[vite][39m [32m✓ built in 58ms[39m

[42m[30m generating static routes [39m[49m
[2m06:00:50[22m [32m▶[39m src/pages/area-layanan.astro
[2m06:00:50[22m   [34m└─[39m [2m/area-layanan/index.html[22m [2m(+9ms)[22m 
[2m06:00:50[22m [32m▶[39m src/pages/dukungan.astro
[2m06:00:50[22m   [34m└─[39m [2m/dukungan/index.html[22m [2m(+2ms)[22m 
[2m06:00:50[22m [32m▶[39m src/pages/kontak.astro
[2m06:00:50[22m   [34m└─[39m [2m/kontak/index.html[22m [2m(+2ms)[22m 
[2m06:00:50[22m [32m▶[39m src/pages/layanan.astro
[2m06:00:50[22m   [34m└─[39m [2m/layanan/index.html[22m [2m(+2ms)[22m 
[2m06:00:50[22m [32m▶[39m src/pages/tentang-kami.astro
[2m06:00:50[22m   [34m└─[39m [2m/tentang-kami/index.html[22m [2m(+1ms)[22m 
[2m06:00:50[22m [32m▶[39m src/pages/index.astro
[2m06:00:50[22m   [34m└─[39m [2m/index.html[22m [2m(+2ms)[22m 
[2m06:00:50[22m [32m✓ Completed in 27ms.
[39m
[2m06:00:50[22m [34m[@astrojs/sitemap][39m `sitemap-index.xml` created at `dist`
[2m06:00:50[22m [34m[build][39m 6 page(s) built in [1m1.52s[22m
[2m06:00:50[22m [34m[build][39m [1mComplete![22m
